<?xml version="1.0" encoding="UTF-8"?>
<testng-results ignored="0" total="1" passed="1" failed="0" skipped="0">
  <reporter-output>
  </reporter-output>
  <suite started-at="2022-07-23T18:45:03 AST" name="Default suite" finished-at="2022-07-23T18:45:08 AST" duration-ms="4534">
    <groups>
    </groups>
    <test started-at="2022-07-23T18:45:03 AST" name="Default test" finished-at="2022-07-23T18:45:08 AST" duration-ms="4534">
      <class name="selenuimWithEdge.EdgeWebDriver">
        <test-method signature="EdgrDriver()[pri:0, instance:selenuimWithEdge.EdgeWebDriver@fdefd3f]" started-at="2022-07-23T18:45:03 AST" name="EdgrDriver" finished-at="2022-07-23T18:45:08 AST" duration-ms="4509" status="PASS">
          <reporter-output>
          </reporter-output>
        </test-method> <!-- EdgrDriver -->
      </class> <!-- selenuimWithEdge.EdgeWebDriver -->
    </test> <!-- Default test -->
  </suite> <!-- Default suite -->
</testng-results>
